ARM GAS  C:\Users\Mykola\AppData\Local\Temp\ccA2DBb7.s 			page 1


   1              		.cpu cortex-m0
   2              		.fpu softvfp
   3              		.eabi_attribute 20, 1
   4              		.eabi_attribute 21, 1
   5              		.eabi_attribute 23, 3
   6              		.eabi_attribute 24, 1
   7              		.eabi_attribute 25, 1
   8              		.eabi_attribute 26, 1
   9              		.eabi_attribute 30, 1
  10              		.eabi_attribute 34, 0
  11              		.eabi_attribute 18, 4
  12              		.code	16
  13              		.file	"ble_custom.c"
  14              		.text
  15              	.Ltext0:
  16              		.cfi_sections	.debug_frame
  17              		.section	.text.CyBle_CustomInit,"ax",%progbits
  18              		.align	2
  19              		.global	CyBle_CustomInit
  20              		.code	16
  21              		.thumb_func
  22              		.type	CyBle_CustomInit, %function
  23              	CyBle_CustomInit:
  24              	.LFB2:
  25              		.file 1 "Generated_Source\\PSoC4\\ble_custom.c"
   1:Generated_Source\PSoC4/ble_custom.c **** /***************************************************************************//**
   2:Generated_Source\PSoC4/ble_custom.c **** * \file CYBLE_custom.c
   3:Generated_Source\PSoC4/ble_custom.c **** * \version 2.30
   4:Generated_Source\PSoC4/ble_custom.c **** * 
   5:Generated_Source\PSoC4/ble_custom.c **** * \brief
   6:Generated_Source\PSoC4/ble_custom.c **** *  Contains the source code for the Custom Service.
   7:Generated_Source\PSoC4/ble_custom.c **** * 
   8:Generated_Source\PSoC4/ble_custom.c **** ********************************************************************************
   9:Generated_Source\PSoC4/ble_custom.c **** * \copyright
  10:Generated_Source\PSoC4/ble_custom.c **** * Copyright 2014-2015, Cypress Semiconductor Corporation.  All rights reserved.
  11:Generated_Source\PSoC4/ble_custom.c **** * You may use this file only in accordance with the license, terms, conditions,
  12:Generated_Source\PSoC4/ble_custom.c **** * disclaimers, and limitations in the end user license agreement accompanying
  13:Generated_Source\PSoC4/ble_custom.c **** * the software package with which this file was provided.
  14:Generated_Source\PSoC4/ble_custom.c **** *******************************************************************************/
  15:Generated_Source\PSoC4/ble_custom.c **** 
  16:Generated_Source\PSoC4/ble_custom.c **** 
  17:Generated_Source\PSoC4/ble_custom.c **** #include "ble_eventHandler.h"
  18:Generated_Source\PSoC4/ble_custom.c **** 
  19:Generated_Source\PSoC4/ble_custom.c **** #ifdef CYBLE_CUSTOM_SERVER
  20:Generated_Source\PSoC4/ble_custom.c **** 
  21:Generated_Source\PSoC4/ble_custom.c **** /* If any custom service with custom characterisctis is defined in the
  22:Generated_Source\PSoC4/ble_custom.c **** * customizer's GUI their handles will be present in this array.
  23:Generated_Source\PSoC4/ble_custom.c **** */
  24:Generated_Source\PSoC4/ble_custom.c **** /* This array contains attribute handles for the defined Custom Services and their characteristics 
  25:Generated_Source\PSoC4/ble_custom.c ****    The array index definitions are located in the CYBLE_custom.h file. */
  26:Generated_Source\PSoC4/ble_custom.c **** const CYBLE_CUSTOMS_T cyBle_customs[0x01u] = {
  27:Generated_Source\PSoC4/ble_custom.c **** 
  28:Generated_Source\PSoC4/ble_custom.c ****     /* ledcapsense service */
  29:Generated_Source\PSoC4/ble_custom.c ****     {
  30:Generated_Source\PSoC4/ble_custom.c ****         0x000Cu, /* Handle of the ledcapsense service */ 
  31:Generated_Source\PSoC4/ble_custom.c ****         {
  32:Generated_Source\PSoC4/ble_custom.c **** 
ARM GAS  C:\Users\Mykola\AppData\Local\Temp\ccA2DBb7.s 			page 2


  33:Generated_Source\PSoC4/ble_custom.c ****             /* led characteristic */
  34:Generated_Source\PSoC4/ble_custom.c ****             {
  35:Generated_Source\PSoC4/ble_custom.c ****                 0x000Eu, /* Handle of the led characteristic */ 
  36:Generated_Source\PSoC4/ble_custom.c ****                 
  37:Generated_Source\PSoC4/ble_custom.c ****                 /* Array of Descriptors handles */
  38:Generated_Source\PSoC4/ble_custom.c ****                 {
  39:Generated_Source\PSoC4/ble_custom.c ****                     0x000Fu, /* Handle of the Characteristic User Description descriptor */ 
  40:Generated_Source\PSoC4/ble_custom.c ****                     CYBLE_GATT_INVALID_ATTR_HANDLE_VALUE, 
  41:Generated_Source\PSoC4/ble_custom.c ****                 }, 
  42:Generated_Source\PSoC4/ble_custom.c ****             },
  43:Generated_Source\PSoC4/ble_custom.c **** 
  44:Generated_Source\PSoC4/ble_custom.c ****             /* capsense characteristic */
  45:Generated_Source\PSoC4/ble_custom.c ****             {
  46:Generated_Source\PSoC4/ble_custom.c ****                 0x0011u, /* Handle of the capsense characteristic */ 
  47:Generated_Source\PSoC4/ble_custom.c ****                 
  48:Generated_Source\PSoC4/ble_custom.c ****                 /* Array of Descriptors handles */
  49:Generated_Source\PSoC4/ble_custom.c ****                 {
  50:Generated_Source\PSoC4/ble_custom.c ****                     0x0012u, /* Handle of the capsensecccd descriptor */ 
  51:Generated_Source\PSoC4/ble_custom.c ****                     0x0013u, /* Handle of the Characteristic User Description descriptor */ 
  52:Generated_Source\PSoC4/ble_custom.c ****                 }, 
  53:Generated_Source\PSoC4/ble_custom.c ****             },
  54:Generated_Source\PSoC4/ble_custom.c **** 
  55:Generated_Source\PSoC4/ble_custom.c ****             /* green characteristic */
  56:Generated_Source\PSoC4/ble_custom.c ****             {
  57:Generated_Source\PSoC4/ble_custom.c ****                 0x0015u, /* Handle of the green characteristic */ 
  58:Generated_Source\PSoC4/ble_custom.c ****                 
  59:Generated_Source\PSoC4/ble_custom.c ****                 /* Array of Descriptors handles */
  60:Generated_Source\PSoC4/ble_custom.c ****                 {
  61:Generated_Source\PSoC4/ble_custom.c ****                     0x0016u, /* Handle of the Characteristic User Description descriptor */ 
  62:Generated_Source\PSoC4/ble_custom.c ****                     CYBLE_GATT_INVALID_ATTR_HANDLE_VALUE, 
  63:Generated_Source\PSoC4/ble_custom.c ****                 }, 
  64:Generated_Source\PSoC4/ble_custom.c ****             },
  65:Generated_Source\PSoC4/ble_custom.c ****         }, 
  66:Generated_Source\PSoC4/ble_custom.c ****     },
  67:Generated_Source\PSoC4/ble_custom.c **** };
  68:Generated_Source\PSoC4/ble_custom.c **** 
  69:Generated_Source\PSoC4/ble_custom.c **** 
  70:Generated_Source\PSoC4/ble_custom.c **** #endif /* (CYBLE_CUSTOM_SERVER) */
  71:Generated_Source\PSoC4/ble_custom.c **** 
  72:Generated_Source\PSoC4/ble_custom.c **** #ifdef CYBLE_CUSTOM_CLIENT
  73:Generated_Source\PSoC4/ble_custom.c ****     
  74:Generated_Source\PSoC4/ble_custom.c **** 
  75:Generated_Source\PSoC4/ble_custom.c **** static uint16 cyBle_customDisServIndex;
  76:Generated_Source\PSoC4/ble_custom.c **** static uint16 cyBle_customDisCharIndex;
  77:Generated_Source\PSoC4/ble_custom.c **** 
  78:Generated_Source\PSoC4/ble_custom.c **** #endif /* (CYBLE_CUSTOM_CLIENT) */
  79:Generated_Source\PSoC4/ble_custom.c **** 
  80:Generated_Source\PSoC4/ble_custom.c **** 
  81:Generated_Source\PSoC4/ble_custom.c **** /****************************************************************************** 
  82:Generated_Source\PSoC4/ble_custom.c **** * Function Name: CyBle_CustomInit
  83:Generated_Source\PSoC4/ble_custom.c **** ***************************************************************************//**
  84:Generated_Source\PSoC4/ble_custom.c **** * 
  85:Generated_Source\PSoC4/ble_custom.c **** *  This function initializes Custom Service.
  86:Generated_Source\PSoC4/ble_custom.c **** * 
  87:Generated_Source\PSoC4/ble_custom.c **** * \return
  88:Generated_Source\PSoC4/ble_custom.c **** *  None
  89:Generated_Source\PSoC4/ble_custom.c **** * 
ARM GAS  C:\Users\Mykola\AppData\Local\Temp\ccA2DBb7.s 			page 3


  90:Generated_Source\PSoC4/ble_custom.c **** ******************************************************************************/
  91:Generated_Source\PSoC4/ble_custom.c **** void CyBle_CustomInit(void)
  92:Generated_Source\PSoC4/ble_custom.c **** {
  26              		.loc 1 92 0
  27              		.cfi_startproc
  93:Generated_Source\PSoC4/ble_custom.c ****     
  94:Generated_Source\PSoC4/ble_custom.c **** #ifdef CYBLE_CUSTOM_CLIENT
  95:Generated_Source\PSoC4/ble_custom.c **** 
  96:Generated_Source\PSoC4/ble_custom.c ****     uint16 locServIndex;
  97:Generated_Source\PSoC4/ble_custom.c ****     uint16 locCharIndex;
  98:Generated_Source\PSoC4/ble_custom.c ****     uint16 locDescIndex;
  99:Generated_Source\PSoC4/ble_custom.c ****     
 100:Generated_Source\PSoC4/ble_custom.c ****     for(locServIndex = 0u; locServIndex < CYBLE_CUSTOMC_SERVICE_COUNT; locServIndex++)
 101:Generated_Source\PSoC4/ble_custom.c ****     {
 102:Generated_Source\PSoC4/ble_custom.c ****         for(locCharIndex = 0u; locCharIndex < cyBle_customCServ[locServIndex].charCount; locCharInd
 103:Generated_Source\PSoC4/ble_custom.c ****         {
 104:Generated_Source\PSoC4/ble_custom.c ****             cyBle_customCServ[locServIndex].customServChar[locCharIndex].
 105:Generated_Source\PSoC4/ble_custom.c ****                 customServCharHandle = 0u;
 106:Generated_Source\PSoC4/ble_custom.c ****             
 107:Generated_Source\PSoC4/ble_custom.c ****             for(locDescIndex = 0u; locDescIndex < 
 108:Generated_Source\PSoC4/ble_custom.c ****                 cyBle_customCServ[locServIndex].customServChar[locCharIndex].descCount; 
 109:Generated_Source\PSoC4/ble_custom.c ****                     locDescIndex++)
 110:Generated_Source\PSoC4/ble_custom.c ****             {
 111:Generated_Source\PSoC4/ble_custom.c ****                 cyBle_customCServ[locServIndex].customServChar[locCharIndex].
 112:Generated_Source\PSoC4/ble_custom.c ****                     customServCharDesc[locDescIndex].descHandle = 0u;
 113:Generated_Source\PSoC4/ble_custom.c ****             }
 114:Generated_Source\PSoC4/ble_custom.c ****         }
 115:Generated_Source\PSoC4/ble_custom.c ****     }
 116:Generated_Source\PSoC4/ble_custom.c **** 
 117:Generated_Source\PSoC4/ble_custom.c **** #endif /* (CYBLE_CUSTOM_CLIENT) */
 118:Generated_Source\PSoC4/ble_custom.c **** }
  28              		.loc 1 118 0
  29              		@ sp needed
  30 0000 7047     		bx	lr
  31              		.cfi_endproc
  32              	.LFE2:
  33              		.size	CyBle_CustomInit, .-CyBle_CustomInit
  34              		.global	cyBle_customs
  35 0002 C046     		.section	.rodata
  36              		.align	2
  37              		.type	cyBle_customs, %object
  38              		.size	cyBle_customs, 20
  39              	cyBle_customs:
  40 0000 0C00     		.short	12
  41 0002 0E00     		.short	14
  42 0004 0F00     		.short	15
  43 0006 0000     		.short	0
  44 0008 1100     		.short	17
  45 000a 1200     		.short	18
  46 000c 1300     		.short	19
  47 000e 1500     		.short	21
  48 0010 1600     		.short	22
  49 0012 0000     		.short	0
  50              		.text
  51              	.Letext0:
  52              		.file 2 "Generated_Source\\PSoC4\\cytypes.h"
  53              		.file 3 "Generated_Source\\PSoC4\\ble_StackGatt.h"
ARM GAS  C:\Users\Mykola\AppData\Local\Temp\ccA2DBb7.s 			page 4


  54              		.file 4 "Generated_Source\\PSoC4\\ble_custom.h"
  55              		.file 5 "Generated_Source\\PSoC4\\ble_Stack.h"
  56              		.section	.debug_info,"",%progbits
  57              	.Ldebug_info0:
  58 0000 CF020000 		.4byte	0x2cf
  59 0004 0400     		.2byte	0x4
  60 0006 00000000 		.4byte	.Ldebug_abbrev0
  61 000a 04       		.byte	0x4
  62 000b 01       		.uleb128 0x1
  63 000c 13080000 		.4byte	.LASF78
  64 0010 01       		.byte	0x1
  65 0011 8C050000 		.4byte	.LASF79
  66 0015 24000000 		.4byte	.LASF80
  67 0019 00000000 		.4byte	.Ldebug_ranges0+0
  68 001d 00000000 		.4byte	0
  69 0021 00000000 		.4byte	.Ldebug_line0
  70 0025 02       		.uleb128 0x2
  71 0026 01       		.byte	0x1
  72 0027 06       		.byte	0x6
  73 0028 13040000 		.4byte	.LASF0
  74 002c 02       		.uleb128 0x2
  75 002d 01       		.byte	0x1
  76 002e 08       		.byte	0x8
  77 002f 9A030000 		.4byte	.LASF1
  78 0033 02       		.uleb128 0x2
  79 0034 02       		.byte	0x2
  80 0035 05       		.byte	0x5
  81 0036 92000000 		.4byte	.LASF2
  82 003a 02       		.uleb128 0x2
  83 003b 02       		.byte	0x2
  84 003c 07       		.byte	0x7
  85 003d 79050000 		.4byte	.LASF3
  86 0041 02       		.uleb128 0x2
  87 0042 04       		.byte	0x4
  88 0043 05       		.byte	0x5
  89 0044 64020000 		.4byte	.LASF4
  90 0048 02       		.uleb128 0x2
  91 0049 04       		.byte	0x4
  92 004a 07       		.byte	0x7
  93 004b A4040000 		.4byte	.LASF5
  94 004f 02       		.uleb128 0x2
  95 0050 08       		.byte	0x8
  96 0051 05       		.byte	0x5
  97 0052 2A020000 		.4byte	.LASF6
  98 0056 02       		.uleb128 0x2
  99 0057 08       		.byte	0x8
 100 0058 07       		.byte	0x7
 101 0059 38020000 		.4byte	.LASF7
 102 005d 03       		.uleb128 0x3
 103 005e 04       		.byte	0x4
 104 005f 05       		.byte	0x5
 105 0060 696E7400 		.ascii	"int\000"
 106 0064 02       		.uleb128 0x2
 107 0065 04       		.byte	0x4
 108 0066 07       		.byte	0x7
 109 0067 7C040000 		.4byte	.LASF8
 110 006b 04       		.uleb128 0x4
ARM GAS  C:\Users\Mykola\AppData\Local\Temp\ccA2DBb7.s 			page 5


 111 006c 41010000 		.4byte	.LASF70
 112 0070 02       		.byte	0x2
 113 0071 C3       		.byte	0xc3
 114 0072 3A000000 		.4byte	0x3a
 115 0076 02       		.uleb128 0x2
 116 0077 04       		.byte	0x4
 117 0078 04       		.byte	0x4
 118 0079 F1010000 		.4byte	.LASF9
 119 007d 02       		.uleb128 0x2
 120 007e 08       		.byte	0x8
 121 007f 04       		.byte	0x4
 122 0080 4D060000 		.4byte	.LASF10
 123 0084 02       		.uleb128 0x2
 124 0085 01       		.byte	0x1
 125 0086 08       		.byte	0x8
 126 0087 58050000 		.4byte	.LASF11
 127 008b 02       		.uleb128 0x2
 128 008c 04       		.byte	0x4
 129 008d 07       		.byte	0x7
 130 008e B6000000 		.4byte	.LASF12
 131 0092 05       		.uleb128 0x5
 132 0093 01       		.byte	0x1
 133 0094 05       		.byte	0x5
 134 0095 A4       		.byte	0xa4
 135 0096 17020000 		.4byte	0x217
 136 009a 06       		.uleb128 0x6
 137 009b 9B010000 		.4byte	.LASF13
 138 009f 00       		.sleb128 0
 139 00a0 06       		.uleb128 0x6
 140 00a1 10010000 		.4byte	.LASF14
 141 00a5 01       		.sleb128 1
 142 00a6 06       		.uleb128 0x6
 143 00a7 B6070000 		.4byte	.LASF15
 144 00ab 02       		.sleb128 2
 145 00ac 06       		.uleb128 0x6
 146 00ad 8C060000 		.4byte	.LASF16
 147 00b1 03       		.sleb128 3
 148 00b2 06       		.uleb128 0x6
 149 00b3 EA000000 		.4byte	.LASF17
 150 00b7 04       		.sleb128 4
 151 00b8 06       		.uleb128 0x6
 152 00b9 F6020000 		.4byte	.LASF18
 153 00bd 05       		.sleb128 5
 154 00be 06       		.uleb128 0x6
 155 00bf EA060000 		.4byte	.LASF19
 156 00c3 20       		.sleb128 32
 157 00c4 06       		.uleb128 0x6
 158 00c5 B6040000 		.4byte	.LASF20
 159 00c9 21       		.sleb128 33
 160 00ca 06       		.uleb128 0x6
 161 00cb 00000000 		.4byte	.LASF21
 162 00cf 22       		.sleb128 34
 163 00d0 06       		.uleb128 0x6
 164 00d1 12030000 		.4byte	.LASF22
 165 00d5 23       		.sleb128 35
 166 00d6 06       		.uleb128 0x6
 167 00d7 60040000 		.4byte	.LASF23
ARM GAS  C:\Users\Mykola\AppData\Local\Temp\ccA2DBb7.s 			page 6


 168 00db 24       		.sleb128 36
 169 00dc 06       		.uleb128 0x6
 170 00dd 9C000000 		.4byte	.LASF24
 171 00e1 25       		.sleb128 37
 172 00e2 06       		.uleb128 0x6
 173 00e3 AD020000 		.4byte	.LASF25
 174 00e7 26       		.sleb128 38
 175 00e8 06       		.uleb128 0x6
 176 00e9 8E020000 		.4byte	.LASF26
 177 00ed 27       		.sleb128 39
 178 00ee 06       		.uleb128 0x6
 179 00ef 70000000 		.4byte	.LASF27
 180 00f3 28       		.sleb128 40
 181 00f4 06       		.uleb128 0x6
 182 00f5 EE040000 		.4byte	.LASF28
 183 00f9 29       		.sleb128 41
 184 00fa 06       		.uleb128 0x6
 185 00fb 2F050000 		.4byte	.LASF29
 186 00ff 2A       		.sleb128 42
 187 0100 06       		.uleb128 0x6
 188 0101 ED050000 		.4byte	.LASF30
 189 0105 2B       		.sleb128 43
 190 0106 06       		.uleb128 0x6
 191 0107 0B050000 		.4byte	.LASF31
 192 010b 2C       		.sleb128 44
 193 010c 06       		.uleb128 0x6
 194 010d BF000000 		.4byte	.LASF32
 195 0111 C000     		.sleb128 64
 196 0113 06       		.uleb128 0x6
 197 0114 89040000 		.4byte	.LASF33
 198 0118 C100     		.sleb128 65
 199 011a 06       		.uleb128 0x6
 200 011b 0E090000 		.4byte	.LASF34
 201 011f C200     		.sleb128 66
 202 0121 06       		.uleb128 0x6
 203 0122 23010000 		.4byte	.LASF35
 204 0126 C300     		.sleb128 67
 205 0128 06       		.uleb128 0x6
 206 0129 74070000 		.4byte	.LASF36
 207 012d C400     		.sleb128 68
 208 012f 06       		.uleb128 0x6
 209 0130 0E070000 		.4byte	.LASF37
 210 0134 C500     		.sleb128 69
 211 0136 06       		.uleb128 0x6
 212 0137 53070000 		.4byte	.LASF38
 213 013b C600     		.sleb128 70
 214 013d 06       		.uleb128 0x6
 215 013e F5030000 		.4byte	.LASF39
 216 0142 C700     		.sleb128 71
 217 0144 06       		.uleb128 0x6
 218 0145 39040000 		.4byte	.LASF40
 219 0149 C800     		.sleb128 72
 220 014b 06       		.uleb128 0x6
 221 014c F7010000 		.4byte	.LASF41
 222 0150 C900     		.sleb128 73
 223 0152 06       		.uleb128 0x6
 224 0153 B0050000 		.4byte	.LASF42
ARM GAS  C:\Users\Mykola\AppData\Local\Temp\ccA2DBb7.s 			page 7


 225 0157 CA00     		.sleb128 74
 226 0159 06       		.uleb128 0x6
 227 015a 5B010000 		.4byte	.LASF43
 228 015e CB00     		.sleb128 75
 229 0160 06       		.uleb128 0x6
 230 0161 1F040000 		.4byte	.LASF44
 231 0165 CC00     		.sleb128 76
 232 0167 06       		.uleb128 0x6
 233 0168 10020000 		.4byte	.LASF45
 234 016c CD00     		.sleb128 77
 235 016e 06       		.uleb128 0x6
 236 016f 35070000 		.4byte	.LASF46
 237 0173 CE00     		.sleb128 78
 238 0175 06       		.uleb128 0x6
 239 0176 B7030000 		.4byte	.LASF47
 240 017a CF00     		.sleb128 79
 241 017c 06       		.uleb128 0x6
 242 017d A1080000 		.4byte	.LASF48
 243 0181 D000     		.sleb128 80
 244 0183 06       		.uleb128 0x6
 245 0184 CE050000 		.4byte	.LASF49
 246 0188 D100     		.sleb128 81
 247 018a 06       		.uleb128 0x6
 248 018b D5020000 		.4byte	.LASF50
 249 018f D200     		.sleb128 82
 250 0191 06       		.uleb128 0x6
 251 0192 6D020000 		.4byte	.LASF51
 252 0196 D300     		.sleb128 83
 253 0198 06       		.uleb128 0x6
 254 0199 7A010000 		.4byte	.LASF52
 255 019d D400     		.sleb128 84
 256 019f 06       		.uleb128 0x6
 257 01a0 EA080000 		.4byte	.LASF53
 258 01a4 D500     		.sleb128 85
 259 01a6 06       		.uleb128 0x6
 260 01a7 F1070000 		.4byte	.LASF54
 261 01ab D600     		.sleb128 86
 262 01ad 06       		.uleb128 0x6
 263 01ae C8070000 		.4byte	.LASF55
 264 01b2 D700     		.sleb128 87
 265 01b4 06       		.uleb128 0x6
 266 01b5 74030000 		.4byte	.LASF56
 267 01b9 F000     		.sleb128 112
 268 01bb 06       		.uleb128 0x6
 269 01bc C4060000 		.4byte	.LASF57
 270 01c0 F100     		.sleb128 113
 271 01c2 06       		.uleb128 0x6
 272 01c3 5D050000 		.4byte	.LASF58
 273 01c7 F200     		.sleb128 114
 274 01c9 06       		.uleb128 0x6
 275 01ca B2010000 		.4byte	.LASF59
 276 01ce F300     		.sleb128 115
 277 01d0 06       		.uleb128 0x6
 278 01d1 48030000 		.4byte	.LASF60
 279 01d5 F400     		.sleb128 116
 280 01d7 06       		.uleb128 0x6
 281 01d8 CD040000 		.4byte	.LASF61
ARM GAS  C:\Users\Mykola\AppData\Local\Temp\ccA2DBb7.s 			page 8


 282 01dc F500     		.sleb128 117
 283 01de 06       		.uleb128 0x6
 284 01df D0010000 		.4byte	.LASF62
 285 01e3 F600     		.sleb128 118
 286 01e5 06       		.uleb128 0x6
 287 01e6 A5060000 		.4byte	.LASF63
 288 01ea F700     		.sleb128 119
 289 01ec 06       		.uleb128 0x6
 290 01ed 2A060000 		.4byte	.LASF64
 291 01f1 F800     		.sleb128 120
 292 01f3 06       		.uleb128 0x6
 293 01f4 54060000 		.4byte	.LASF65
 294 01f8 F900     		.sleb128 121
 295 01fa 06       		.uleb128 0x6
 296 01fb 92070000 		.4byte	.LASF66
 297 01ff FA00     		.sleb128 122
 298 0201 06       		.uleb128 0x6
 299 0202 0C060000 		.4byte	.LASF67
 300 0206 FA01     		.sleb128 250
 301 0208 06       		.uleb128 0x6
 302 0209 D6030000 		.4byte	.LASF68
 303 020d FB01     		.sleb128 251
 304 020f 06       		.uleb128 0x6
 305 0210 66030000 		.4byte	.LASF69
 306 0214 FF01     		.sleb128 255
 307 0216 00       		.byte	0
 308 0217 07       		.uleb128 0x7
 309 0218 C0080000 		.4byte	.LASF71
 310 021c 03       		.byte	0x3
 311 021d 8801     		.2byte	0x188
 312 021f 6B000000 		.4byte	0x6b
 313 0223 08       		.uleb128 0x8
 314 0224 06       		.byte	0x6
 315 0225 04       		.byte	0x4
 316 0226 4A       		.byte	0x4a
 317 0227 44020000 		.4byte	0x244
 318 022b 09       		.uleb128 0x9
 319 022c 77060000 		.4byte	.LASF72
 320 0230 04       		.byte	0x4
 321 0231 4D       		.byte	0x4d
 322 0232 17020000 		.4byte	0x217
 323 0236 00       		.byte	0
 324 0237 09       		.uleb128 0x9
 325 0238 48010000 		.4byte	.LASF73
 326 023c 04       		.byte	0x4
 327 023d 4F       		.byte	0x4f
 328 023e 44020000 		.4byte	0x244
 329 0242 02       		.byte	0x2
 330 0243 00       		.byte	0
 331 0244 0A       		.uleb128 0xa
 332 0245 17020000 		.4byte	0x217
 333 0249 54020000 		.4byte	0x254
 334 024d 0B       		.uleb128 0xb
 335 024e 8B000000 		.4byte	0x8b
 336 0252 01       		.byte	0x1
 337 0253 00       		.byte	0
 338 0254 04       		.uleb128 0x4
ARM GAS  C:\Users\Mykola\AppData\Local\Temp\ccA2DBb7.s 			page 9


 339 0255 4F020000 		.4byte	.LASF74
 340 0259 04       		.byte	0x4
 341 025a 51       		.byte	0x51
 342 025b 23020000 		.4byte	0x223
 343 025f 08       		.uleb128 0x8
 344 0260 14       		.byte	0x14
 345 0261 04       		.byte	0x4
 346 0262 54       		.byte	0x54
 347 0263 80020000 		.4byte	0x280
 348 0267 09       		.uleb128 0x9
 349 0268 D9000000 		.4byte	.LASF75
 350 026c 04       		.byte	0x4
 351 026d 57       		.byte	0x57
 352 026e 17020000 		.4byte	0x217
 353 0272 00       		.byte	0
 354 0273 09       		.uleb128 0x9
 355 0274 A8030000 		.4byte	.LASF76
 356 0278 04       		.byte	0x4
 357 0279 5A       		.byte	0x5a
 358 027a 80020000 		.4byte	0x280
 359 027e 02       		.byte	0x2
 360 027f 00       		.byte	0
 361 0280 0A       		.uleb128 0xa
 362 0281 54020000 		.4byte	0x254
 363 0285 90020000 		.4byte	0x290
 364 0289 0B       		.uleb128 0xb
 365 028a 8B000000 		.4byte	0x8b
 366 028e 02       		.byte	0x2
 367 028f 00       		.byte	0
 368 0290 04       		.uleb128 0x4
 369 0291 38030000 		.4byte	.LASF77
 370 0295 04       		.byte	0x4
 371 0296 5C       		.byte	0x5c
 372 0297 5F020000 		.4byte	0x25f
 373 029b 0C       		.uleb128 0xc
 374 029c FF000000 		.4byte	.LASF81
 375 02a0 01       		.byte	0x1
 376 02a1 5B       		.byte	0x5b
 377 02a2 00000000 		.4byte	.LFB2
 378 02a6 02000000 		.4byte	.LFE2-.LFB2
 379 02aa 01       		.uleb128 0x1
 380 02ab 9C       		.byte	0x9c
 381 02ac 0A       		.uleb128 0xa
 382 02ad 90020000 		.4byte	0x290
 383 02b1 BC020000 		.4byte	0x2bc
 384 02b5 0B       		.uleb128 0xb
 385 02b6 8B000000 		.4byte	0x8b
 386 02ba 00       		.byte	0
 387 02bb 00       		.byte	0
 388 02bc 0D       		.uleb128 0xd
 389 02bd DC080000 		.4byte	.LASF82
 390 02c1 01       		.byte	0x1
 391 02c2 1A       		.byte	0x1a
 392 02c3 CD020000 		.4byte	0x2cd
 393 02c7 05       		.uleb128 0x5
 394 02c8 03       		.byte	0x3
 395 02c9 00000000 		.4byte	cyBle_customs
ARM GAS  C:\Users\Mykola\AppData\Local\Temp\ccA2DBb7.s 			page 10


 396 02cd 0E       		.uleb128 0xe
 397 02ce AC020000 		.4byte	0x2ac
 398 02d2 00       		.byte	0
 399              		.section	.debug_abbrev,"",%progbits
 400              	.Ldebug_abbrev0:
 401 0000 01       		.uleb128 0x1
 402 0001 11       		.uleb128 0x11
 403 0002 01       		.byte	0x1
 404 0003 25       		.uleb128 0x25
 405 0004 0E       		.uleb128 0xe
 406 0005 13       		.uleb128 0x13
 407 0006 0B       		.uleb128 0xb
 408 0007 03       		.uleb128 0x3
 409 0008 0E       		.uleb128 0xe
 410 0009 1B       		.uleb128 0x1b
 411 000a 0E       		.uleb128 0xe
 412 000b 55       		.uleb128 0x55
 413 000c 17       		.uleb128 0x17
 414 000d 11       		.uleb128 0x11
 415 000e 01       		.uleb128 0x1
 416 000f 10       		.uleb128 0x10
 417 0010 17       		.uleb128 0x17
 418 0011 00       		.byte	0
 419 0012 00       		.byte	0
 420 0013 02       		.uleb128 0x2
 421 0014 24       		.uleb128 0x24
 422 0015 00       		.byte	0
 423 0016 0B       		.uleb128 0xb
 424 0017 0B       		.uleb128 0xb
 425 0018 3E       		.uleb128 0x3e
 426 0019 0B       		.uleb128 0xb
 427 001a 03       		.uleb128 0x3
 428 001b 0E       		.uleb128 0xe
 429 001c 00       		.byte	0
 430 001d 00       		.byte	0
 431 001e 03       		.uleb128 0x3
 432 001f 24       		.uleb128 0x24
 433 0020 00       		.byte	0
 434 0021 0B       		.uleb128 0xb
 435 0022 0B       		.uleb128 0xb
 436 0023 3E       		.uleb128 0x3e
 437 0024 0B       		.uleb128 0xb
 438 0025 03       		.uleb128 0x3
 439 0026 08       		.uleb128 0x8
 440 0027 00       		.byte	0
 441 0028 00       		.byte	0
 442 0029 04       		.uleb128 0x4
 443 002a 16       		.uleb128 0x16
 444 002b 00       		.byte	0
 445 002c 03       		.uleb128 0x3
 446 002d 0E       		.uleb128 0xe
 447 002e 3A       		.uleb128 0x3a
 448 002f 0B       		.uleb128 0xb
 449 0030 3B       		.uleb128 0x3b
 450 0031 0B       		.uleb128 0xb
 451 0032 49       		.uleb128 0x49
 452 0033 13       		.uleb128 0x13
ARM GAS  C:\Users\Mykola\AppData\Local\Temp\ccA2DBb7.s 			page 11


 453 0034 00       		.byte	0
 454 0035 00       		.byte	0
 455 0036 05       		.uleb128 0x5
 456 0037 04       		.uleb128 0x4
 457 0038 01       		.byte	0x1
 458 0039 0B       		.uleb128 0xb
 459 003a 0B       		.uleb128 0xb
 460 003b 3A       		.uleb128 0x3a
 461 003c 0B       		.uleb128 0xb
 462 003d 3B       		.uleb128 0x3b
 463 003e 0B       		.uleb128 0xb
 464 003f 01       		.uleb128 0x1
 465 0040 13       		.uleb128 0x13
 466 0041 00       		.byte	0
 467 0042 00       		.byte	0
 468 0043 06       		.uleb128 0x6
 469 0044 28       		.uleb128 0x28
 470 0045 00       		.byte	0
 471 0046 03       		.uleb128 0x3
 472 0047 0E       		.uleb128 0xe
 473 0048 1C       		.uleb128 0x1c
 474 0049 0D       		.uleb128 0xd
 475 004a 00       		.byte	0
 476 004b 00       		.byte	0
 477 004c 07       		.uleb128 0x7
 478 004d 16       		.uleb128 0x16
 479 004e 00       		.byte	0
 480 004f 03       		.uleb128 0x3
 481 0050 0E       		.uleb128 0xe
 482 0051 3A       		.uleb128 0x3a
 483 0052 0B       		.uleb128 0xb
 484 0053 3B       		.uleb128 0x3b
 485 0054 05       		.uleb128 0x5
 486 0055 49       		.uleb128 0x49
 487 0056 13       		.uleb128 0x13
 488 0057 00       		.byte	0
 489 0058 00       		.byte	0
 490 0059 08       		.uleb128 0x8
 491 005a 13       		.uleb128 0x13
 492 005b 01       		.byte	0x1
 493 005c 0B       		.uleb128 0xb
 494 005d 0B       		.uleb128 0xb
 495 005e 3A       		.uleb128 0x3a
 496 005f 0B       		.uleb128 0xb
 497 0060 3B       		.uleb128 0x3b
 498 0061 0B       		.uleb128 0xb
 499 0062 01       		.uleb128 0x1
 500 0063 13       		.uleb128 0x13
 501 0064 00       		.byte	0
 502 0065 00       		.byte	0
 503 0066 09       		.uleb128 0x9
 504 0067 0D       		.uleb128 0xd
 505 0068 00       		.byte	0
 506 0069 03       		.uleb128 0x3
 507 006a 0E       		.uleb128 0xe
 508 006b 3A       		.uleb128 0x3a
 509 006c 0B       		.uleb128 0xb
ARM GAS  C:\Users\Mykola\AppData\Local\Temp\ccA2DBb7.s 			page 12


 510 006d 3B       		.uleb128 0x3b
 511 006e 0B       		.uleb128 0xb
 512 006f 49       		.uleb128 0x49
 513 0070 13       		.uleb128 0x13
 514 0071 38       		.uleb128 0x38
 515 0072 0B       		.uleb128 0xb
 516 0073 00       		.byte	0
 517 0074 00       		.byte	0
 518 0075 0A       		.uleb128 0xa
 519 0076 01       		.uleb128 0x1
 520 0077 01       		.byte	0x1
 521 0078 49       		.uleb128 0x49
 522 0079 13       		.uleb128 0x13
 523 007a 01       		.uleb128 0x1
 524 007b 13       		.uleb128 0x13
 525 007c 00       		.byte	0
 526 007d 00       		.byte	0
 527 007e 0B       		.uleb128 0xb
 528 007f 21       		.uleb128 0x21
 529 0080 00       		.byte	0
 530 0081 49       		.uleb128 0x49
 531 0082 13       		.uleb128 0x13
 532 0083 2F       		.uleb128 0x2f
 533 0084 0B       		.uleb128 0xb
 534 0085 00       		.byte	0
 535 0086 00       		.byte	0
 536 0087 0C       		.uleb128 0xc
 537 0088 2E       		.uleb128 0x2e
 538 0089 00       		.byte	0
 539 008a 3F       		.uleb128 0x3f
 540 008b 19       		.uleb128 0x19
 541 008c 03       		.uleb128 0x3
 542 008d 0E       		.uleb128 0xe
 543 008e 3A       		.uleb128 0x3a
 544 008f 0B       		.uleb128 0xb
 545 0090 3B       		.uleb128 0x3b
 546 0091 0B       		.uleb128 0xb
 547 0092 27       		.uleb128 0x27
 548 0093 19       		.uleb128 0x19
 549 0094 11       		.uleb128 0x11
 550 0095 01       		.uleb128 0x1
 551 0096 12       		.uleb128 0x12
 552 0097 06       		.uleb128 0x6
 553 0098 40       		.uleb128 0x40
 554 0099 18       		.uleb128 0x18
 555 009a 9742     		.uleb128 0x2117
 556 009c 19       		.uleb128 0x19
 557 009d 00       		.byte	0
 558 009e 00       		.byte	0
 559 009f 0D       		.uleb128 0xd
 560 00a0 34       		.uleb128 0x34
 561 00a1 00       		.byte	0
 562 00a2 03       		.uleb128 0x3
 563 00a3 0E       		.uleb128 0xe
 564 00a4 3A       		.uleb128 0x3a
 565 00a5 0B       		.uleb128 0xb
 566 00a6 3B       		.uleb128 0x3b
ARM GAS  C:\Users\Mykola\AppData\Local\Temp\ccA2DBb7.s 			page 13


 567 00a7 0B       		.uleb128 0xb
 568 00a8 49       		.uleb128 0x49
 569 00a9 13       		.uleb128 0x13
 570 00aa 3F       		.uleb128 0x3f
 571 00ab 19       		.uleb128 0x19
 572 00ac 02       		.uleb128 0x2
 573 00ad 18       		.uleb128 0x18
 574 00ae 00       		.byte	0
 575 00af 00       		.byte	0
 576 00b0 0E       		.uleb128 0xe
 577 00b1 26       		.uleb128 0x26
 578 00b2 00       		.byte	0
 579 00b3 49       		.uleb128 0x49
 580 00b4 13       		.uleb128 0x13
 581 00b5 00       		.byte	0
 582 00b6 00       		.byte	0
 583 00b7 00       		.byte	0
 584              		.section	.debug_aranges,"",%progbits
 585 0000 1C000000 		.4byte	0x1c
 586 0004 0200     		.2byte	0x2
 587 0006 00000000 		.4byte	.Ldebug_info0
 588 000a 04       		.byte	0x4
 589 000b 00       		.byte	0
 590 000c 0000     		.2byte	0
 591 000e 0000     		.2byte	0
 592 0010 00000000 		.4byte	.LFB2
 593 0014 02000000 		.4byte	.LFE2-.LFB2
 594 0018 00000000 		.4byte	0
 595 001c 00000000 		.4byte	0
 596              		.section	.debug_ranges,"",%progbits
 597              	.Ldebug_ranges0:
 598 0000 00000000 		.4byte	.LFB2
 599 0004 02000000 		.4byte	.LFE2
 600 0008 00000000 		.4byte	0
 601 000c 00000000 		.4byte	0
 602              		.section	.debug_line,"",%progbits
 603              	.Ldebug_line0:
 604 0000 92000000 		.section	.debug_str,"MS",%progbits,1
 604      02007900 
 604      00000201 
 604      FB0E0D00 
 604      01010101 
 605              	.LASF21:
 606 0000 4359424C 		.ascii	"CYBLE_EVT_GAP_PASSKEY_ENTRY_REQUEST\000"
 606      455F4556 
 606      545F4741 
 606      505F5041 
 606      53534B45 
 607              	.LASF80:
 608 0024 463A5C55 		.ascii	"F:\\Univer\\Dyplom\\1\\bleapp-master\\PSoC_Creator\\"
 608      6E697665 
 608      725C4479 
 608      706C6F6D 
 608      5C315C62 
 609 0052 63617073 		.ascii	"capsenseled\\capsenseled.cydsn\000"
 609      656E7365 
 609      6C65645C 
ARM GAS  C:\Users\Mykola\AppData\Local\Temp\ccA2DBb7.s 			page 14


 609      63617073 
 609      656E7365 
 610              	.LASF27:
 611 0070 4359424C 		.ascii	"CYBLE_EVT_GAP_DEVICE_DISCONNECTED\000"
 611      455F4556 
 611      545F4741 
 611      505F4445 
 611      56494345 
 612              	.LASF2:
 613 0092 73686F72 		.ascii	"short int\000"
 613      7420696E 
 613      7400
 614              	.LASF24:
 615 009c 4359424C 		.ascii	"CYBLE_EVT_GAP_AUTH_FAILED\000"
 615      455F4556 
 615      545F4741 
 615      505F4155 
 615      54485F46 
 616              	.LASF12:
 617 00b6 73697A65 		.ascii	"sizetype\000"
 617      74797065 
 617      00
 618              	.LASF32:
 619 00bf 4359424C 		.ascii	"CYBLE_EVT_GATTC_ERROR_RSP\000"
 619      455F4556 
 619      545F4741 
 619      5454435F 
 619      4552524F 
 620              	.LASF75:
 621 00d9 63757374 		.ascii	"customServHandle\000"
 621      6F6D5365 
 621      72764861 
 621      6E646C65 
 621      00
 622              	.LASF17:
 623 00ea 4359424C 		.ascii	"CYBLE_EVT_HCI_STATUS\000"
 623      455F4556 
 623      545F4843 
 623      495F5354 
 623      41545553 
 624              	.LASF81:
 625 00ff 4379426C 		.ascii	"CyBle_CustomInit\000"
 625      655F4375 
 625      73746F6D 
 625      496E6974 
 625      00
 626              	.LASF14:
 627 0110 4359424C 		.ascii	"CYBLE_EVT_STACK_ON\000"
 627      455F4556 
 627      545F5354 
 627      41434B5F 
 627      4F4E00
 628              	.LASF35:
 629 0123 4359424C 		.ascii	"CYBLE_EVT_GATTS_XCNHG_MTU_REQ\000"
 629      455F4556 
 629      545F4741 
 629      5454535F 
ARM GAS  C:\Users\Mykola\AppData\Local\Temp\ccA2DBb7.s 			page 15


 629      58434E48 
 630              	.LASF70:
 631 0141 75696E74 		.ascii	"uint16\000"
 631      313600
 632              	.LASF73:
 633 0148 63757374 		.ascii	"customServCharDesc\000"
 633      6F6D5365 
 633      72764368 
 633      61724465 
 633      736300
 634              	.LASF43:
 635 015b 4359424C 		.ascii	"CYBLE_EVT_GATTC_READ_MULTI_RSP\000"
 635      455F4556 
 635      545F4741 
 635      5454435F 
 635      52454144 
 636              	.LASF52:
 637 017a 4359424C 		.ascii	"CYBLE_EVT_GATTS_HANDLE_VALUE_CNF\000"
 637      455F4556 
 637      545F4741 
 637      5454535F 
 637      48414E44 
 638              	.LASF13:
 639 019b 4359424C 		.ascii	"CYBLE_EVT_HOST_INVALID\000"
 639      455F4556 
 639      545F484F 
 639      53545F49 
 639      4E56414C 
 640              	.LASF59:
 641 01b2 4359424C 		.ascii	"CYBLE_EVT_L2CAP_CBFC_CONN_IND\000"
 641      455F4556 
 641      545F4C32 
 641      4341505F 
 641      43424643 
 642              	.LASF62:
 643 01d0 4359424C 		.ascii	"CYBLE_EVT_L2CAP_CBFC_DISCONN_CNF\000"
 643      455F4556 
 643      545F4C32 
 643      4341505F 
 643      43424643 
 644              	.LASF9:
 645 01f1 666C6F61 		.ascii	"float\000"
 645      7400
 646              	.LASF41:
 647 01f7 4359424C 		.ascii	"CYBLE_EVT_GATTC_READ_RSP\000"
 647      455F4556 
 647      545F4741 
 647      5454435F 
 647      52454144 
 648              	.LASF45:
 649 0210 4359424C 		.ascii	"CYBLE_EVT_GATTC_WRITE_RSP\000"
 649      455F4556 
 649      545F4741 
 649      5454435F 
 649      57524954 
 650              	.LASF6:
 651 022a 6C6F6E67 		.ascii	"long long int\000"
ARM GAS  C:\Users\Mykola\AppData\Local\Temp\ccA2DBb7.s 			page 16


 651      206C6F6E 
 651      6720696E 
 651      7400
 652              	.LASF7:
 653 0238 6C6F6E67 		.ascii	"long long unsigned int\000"
 653      206C6F6E 
 653      6720756E 
 653      7369676E 
 653      65642069 
 654              	.LASF74:
 655 024f 4359424C 		.ascii	"CYBLE_CUSTOMS_INFO_T\000"
 655      455F4355 
 655      53544F4D 
 655      535F494E 
 655      464F5F54 
 656              	.LASF4:
 657 0264 6C6F6E67 		.ascii	"long int\000"
 657      20696E74 
 657      00
 658              	.LASF51:
 659 026d 4359424C 		.ascii	"CYBLE_EVT_GATTC_HANDLE_VALUE_IND\000"
 659      455F4556 
 659      545F4741 
 659      5454435F 
 659      48414E44 
 660              	.LASF26:
 661 028e 4359424C 		.ascii	"CYBLE_EVT_GAP_DEVICE_CONNECTED\000"
 661      455F4556 
 661      545F4741 
 661      505F4445 
 661      56494345 
 662              	.LASF25:
 663 02ad 4359424C 		.ascii	"CYBLE_EVT_GAPP_ADVERTISEMENT_START_STOP\000"
 663      455F4556 
 663      545F4741 
 663      50505F41 
 663      44564552 
 664              	.LASF50:
 665 02d5 4359424C 		.ascii	"CYBLE_EVT_GATTC_HANDLE_VALUE_NTF\000"
 665      455F4556 
 665      545F4741 
 665      5454435F 
 665      48414E44 
 666              	.LASF18:
 667 02f6 4359424C 		.ascii	"CYBLE_EVT_STACK_BUSY_STATUS\000"
 667      455F4556 
 667      545F5354 
 667      41434B5F 
 667      42555359 
 668              	.LASF22:
 669 0312 4359424C 		.ascii	"CYBLE_EVT_GAP_PASSKEY_DISPLAY_REQUEST\000"
 669      455F4556 
 669      545F4741 
 669      505F5041 
 669      53534B45 
 670              	.LASF77:
 671 0338 4359424C 		.ascii	"CYBLE_CUSTOMS_T\000"
ARM GAS  C:\Users\Mykola\AppData\Local\Temp\ccA2DBb7.s 			page 17


 671      455F4355 
 671      53544F4D 
 671      535F5400 
 672              	.LASF60:
 673 0348 4359424C 		.ascii	"CYBLE_EVT_L2CAP_CBFC_CONN_CNF\000"
 673      455F4556 
 673      545F4C32 
 673      4341505F 
 673      43424643 
 674              	.LASF69:
 675 0366 4359424C 		.ascii	"CYBLE_EVT_MAX\000"
 675      455F4556 
 675      545F4D41 
 675      5800
 676              	.LASF56:
 677 0374 4359424C 		.ascii	"CYBLE_EVT_L2CAP_CONN_PARAM_UPDATE_REQ\000"
 677      455F4556 
 677      545F4C32 
 677      4341505F 
 677      434F4E4E 
 678              	.LASF1:
 679 039a 756E7369 		.ascii	"unsigned char\000"
 679      676E6564 
 679      20636861 
 679      7200
 680              	.LASF76:
 681 03a8 63757374 		.ascii	"customServInfo\000"
 681      6F6D5365 
 681      7276496E 
 681      666F00
 682              	.LASF47:
 683 03b7 4359424C 		.ascii	"CYBLE_EVT_GATTS_PREP_WRITE_REQ\000"
 683      455F4556 
 683      545F4741 
 683      5454535F 
 683      50524550 
 684              	.LASF68:
 685 03d6 4359424C 		.ascii	"CYBLE_EVT_LE_PING_AUTH_TIMEOUT\000"
 685      455F4556 
 685      545F4C45 
 685      5F50494E 
 685      475F4155 
 686              	.LASF39:
 687 03f5 4359424C 		.ascii	"CYBLE_EVT_GATTC_FIND_INFO_RSP\000"
 687      455F4556 
 687      545F4741 
 687      5454435F 
 687      46494E44 
 688              	.LASF0:
 689 0413 7369676E 		.ascii	"signed char\000"
 689      65642063 
 689      68617200 
 690              	.LASF44:
 691 041f 4359424C 		.ascii	"CYBLE_EVT_GATTS_WRITE_REQ\000"
 691      455F4556 
 691      545F4741 
 691      5454535F 
ARM GAS  C:\Users\Mykola\AppData\Local\Temp\ccA2DBb7.s 			page 18


 691      57524954 
 692              	.LASF40:
 693 0439 4359424C 		.ascii	"CYBLE_EVT_GATTC_FIND_BY_TYPE_VALUE_RSP\000"
 693      455F4556 
 693      545F4741 
 693      5454435F 
 693      46494E44 
 694              	.LASF23:
 695 0460 4359424C 		.ascii	"CYBLE_EVT_GAP_AUTH_COMPLETE\000"
 695      455F4556 
 695      545F4741 
 695      505F4155 
 695      54485F43 
 696              	.LASF8:
 697 047c 756E7369 		.ascii	"unsigned int\000"
 697      676E6564 
 697      20696E74 
 697      00
 698              	.LASF33:
 699 0489 4359424C 		.ascii	"CYBLE_EVT_GATT_CONNECT_IND\000"
 699      455F4556 
 699      545F4741 
 699      54545F43 
 699      4F4E4E45 
 700              	.LASF5:
 701 04a4 6C6F6E67 		.ascii	"long unsigned int\000"
 701      20756E73 
 701      69676E65 
 701      6420696E 
 701      7400
 702              	.LASF20:
 703 04b6 4359424C 		.ascii	"CYBLE_EVT_GAP_AUTH_REQ\000"
 703      455F4556 
 703      545F4741 
 703      505F4155 
 703      54485F52 
 704              	.LASF61:
 705 04cd 4359424C 		.ascii	"CYBLE_EVT_L2CAP_CBFC_DISCONN_IND\000"
 705      455F4556 
 705      545F4C32 
 705      4341505F 
 705      43424643 
 706              	.LASF28:
 707 04ee 4359424C 		.ascii	"CYBLE_EVT_GAP_ENCRYPT_CHANGE\000"
 707      455F4556 
 707      545F4741 
 707      505F454E 
 707      43525950 
 708              	.LASF31:
 709 050b 4359424C 		.ascii	"CYBLE_EVT_GAP_KEYINFO_EXCHNGE_CMPLT\000"
 709      455F4556 
 709      545F4741 
 709      505F4B45 
 709      59494E46 
 710              	.LASF29:
 711 052f 4359424C 		.ascii	"CYBLE_EVT_GAP_CONNECTION_UPDATE_COMPLETE\000"
 711      455F4556 
ARM GAS  C:\Users\Mykola\AppData\Local\Temp\ccA2DBb7.s 			page 19


 711      545F4741 
 711      505F434F 
 711      4E4E4543 
 712              	.LASF11:
 713 0558 63686172 		.ascii	"char\000"
 713      00
 714              	.LASF58:
 715 055d 4359424C 		.ascii	"CYBLE_EVT_L2CAP_COMMAND_REJ\000"
 715      455F4556 
 715      545F4C32 
 715      4341505F 
 715      434F4D4D 
 716              	.LASF3:
 717 0579 73686F72 		.ascii	"short unsigned int\000"
 717      7420756E 
 717      7369676E 
 717      65642069 
 717      6E7400
 718              	.LASF79:
 719 058c 47656E65 		.ascii	"Generated_Source\\PSoC4\\ble_custom.c\000"
 719      72617465 
 719      645F536F 
 719      75726365 
 719      5C50536F 
 720              	.LASF42:
 721 05b0 4359424C 		.ascii	"CYBLE_EVT_GATTC_READ_BLOB_RSP\000"
 721      455F4556 
 721      545F4741 
 721      5454435F 
 721      52454144 
 722              	.LASF49:
 723 05ce 4359424C 		.ascii	"CYBLE_EVT_GATTC_EXEC_WRITE_RSP\000"
 723      455F4556 
 723      545F4741 
 723      5454435F 
 723      45584543 
 724              	.LASF30:
 725 05ed 4359424C 		.ascii	"CYBLE_EVT_GAPC_SCAN_START_STOP\000"
 725      455F4556 
 725      545F4741 
 725      50435F53 
 725      43414E5F 
 726              	.LASF67:
 727 060c 4359424C 		.ascii	"CYBLE_EVT_PENDING_FLASH_WRITE\000"
 727      455F4556 
 727      545F5045 
 727      4E44494E 
 727      475F464C 
 728              	.LASF64:
 729 062a 4359424C 		.ascii	"CYBLE_EVT_L2CAP_CBFC_RX_CREDIT_IND\000"
 729      455F4556 
 729      545F4C32 
 729      4341505F 
 729      43424643 
 730              	.LASF10:
 731 064d 646F7562 		.ascii	"double\000"
 731      6C6500
ARM GAS  C:\Users\Mykola\AppData\Local\Temp\ccA2DBb7.s 			page 20


 732              	.LASF65:
 733 0654 4359424C 		.ascii	"CYBLE_EVT_L2CAP_CBFC_TX_CREDIT_IND\000"
 733      455F4556 
 733      545F4C32 
 733      4341505F 
 733      43424643 
 734              	.LASF72:
 735 0677 63757374 		.ascii	"customServCharHandle\000"
 735      6F6D5365 
 735      72764368 
 735      61724861 
 735      6E646C65 
 736              	.LASF16:
 737 068c 4359424C 		.ascii	"CYBLE_EVT_HARDWARE_ERROR\000"
 737      455F4556 
 737      545F4841 
 737      52445741 
 737      52455F45 
 738              	.LASF63:
 739 06a5 4359424C 		.ascii	"CYBLE_EVT_L2CAP_CBFC_DATA_READ\000"
 739      455F4556 
 739      545F4C32 
 739      4341505F 
 739      43424643 
 740              	.LASF57:
 741 06c4 4359424C 		.ascii	"CYBLE_EVT_L2CAP_CONN_PARAM_UPDATE_RSP\000"
 741      455F4556 
 741      545F4C32 
 741      4341505F 
 741      434F4E4E 
 742              	.LASF19:
 743 06ea 4359424C 		.ascii	"CYBLE_EVT_GAPC_SCAN_PROGRESS_RESULT\000"
 743      455F4556 
 743      545F4741 
 743      50435F53 
 743      43414E5F 
 744              	.LASF37:
 745 070e 4359424C 		.ascii	"CYBLE_EVT_GATTC_READ_BY_GROUP_TYPE_RSP\000"
 745      455F4556 
 745      545F4741 
 745      5454435F 
 745      52454144 
 746              	.LASF46:
 747 0735 4359424C 		.ascii	"CYBLE_EVT_GATTS_WRITE_CMD_REQ\000"
 747      455F4556 
 747      545F4741 
 747      5454535F 
 747      57524954 
 748              	.LASF38:
 749 0753 4359424C 		.ascii	"CYBLE_EVT_GATTC_READ_BY_TYPE_RSP\000"
 749      455F4556 
 749      545F4741 
 749      5454435F 
 749      52454144 
 750              	.LASF36:
 751 0774 4359424C 		.ascii	"CYBLE_EVT_GATTC_XCHNG_MTU_RSP\000"
 751      455F4556 
ARM GAS  C:\Users\Mykola\AppData\Local\Temp\ccA2DBb7.s 			page 21


 751      545F4741 
 751      5454435F 
 751      5843484E 
 752              	.LASF66:
 753 0792 4359424C 		.ascii	"CYBLE_EVT_L2CAP_CBFC_DATA_WRITE_IND\000"
 753      455F4556 
 753      545F4C32 
 753      4341505F 
 753      43424643 
 754              	.LASF15:
 755 07b6 4359424C 		.ascii	"CYBLE_EVT_TIMEOUT\000"
 755      455F4556 
 755      545F5449 
 755      4D454F55 
 755      5400
 756              	.LASF55:
 757 07c8 4359424C 		.ascii	"CYBLE_EVT_GATTS_READ_CHAR_VAL_ACCESS_REQ\000"
 757      455F4556 
 757      545F4741 
 757      5454535F 
 757      52454144 
 758              	.LASF54:
 759 07f1 4359424C 		.ascii	"CYBLE_EVT_GATTC_STOP_CMD_COMPLETE\000"
 759      455F4556 
 759      545F4741 
 759      5454435F 
 759      53544F50 
 760              	.LASF78:
 761 0813 474E5520 		.ascii	"GNU C 4.9.3 20150303 (release) [ARM/embedded-4_9-br"
 761      4320342E 
 761      392E3320 
 761      32303135 
 761      30333033 
 762 0846 616E6368 		.ascii	"anch revision 221220] -mcpu=cortex-m0 -mthumb -g -O"
 762      20726576 
 762      6973696F 
 762      6E203232 
 762      31323230 
 763 0879 67202D66 		.ascii	"g -ffunction-sections -ffat-lto-objects\000"
 763      66756E63 
 763      74696F6E 
 763      2D736563 
 763      74696F6E 
 764              	.LASF48:
 765 08a1 4359424C 		.ascii	"CYBLE_EVT_GATTS_EXEC_WRITE_REQ\000"
 765      455F4556 
 765      545F4741 
 765      5454535F 
 765      45584543 
 766              	.LASF71:
 767 08c0 4359424C 		.ascii	"CYBLE_GATT_DB_ATTR_HANDLE_T\000"
 767      455F4741 
 767      54545F44 
 767      425F4154 
 767      54525F48 
 768              	.LASF82:
 769 08dc 6379426C 		.ascii	"cyBle_customs\000"
ARM GAS  C:\Users\Mykola\AppData\Local\Temp\ccA2DBb7.s 			page 22


 769      655F6375 
 769      73746F6D 
 769      7300
 770              	.LASF53:
 771 08ea 4359424C 		.ascii	"CYBLE_EVT_GATTS_DATA_SIGNED_CMD_REQ\000"
 771      455F4556 
 771      545F4741 
 771      5454535F 
 771      44415441 
 772              	.LASF34:
 773 090e 4359424C 		.ascii	"CYBLE_EVT_GATT_DISCONNECT_IND\000"
 773      455F4556 
 773      545F4741 
 773      54545F44 
 773      4953434F 
 774              		.ident	"GCC: (GNU Tools for ARM Embedded Processors) 4.9.3 20150303 (release) [ARM/embedded-4_9-br
