ARM GAS  C:\Users\Mykola\AppData\Local\Temp\ccaKuMZ8.s 			page 1


   1              		.cpu cortex-m0
   2              		.fpu softvfp
   3              		.eabi_attribute 20, 1
   4              		.eabi_attribute 21, 1
   5              		.eabi_attribute 23, 3
   6              		.eabi_attribute 24, 1
   7              		.eabi_attribute 25, 1
   8              		.eabi_attribute 26, 1
   9              		.eabi_attribute 30, 1
  10              		.eabi_attribute 34, 0
  11              		.eabi_attribute 18, 4
  12              		.code	16
  13              		.file	"dc_motor_library.c"
  14              		.text
  15              	.Ltext0:
  16              		.cfi_sections	.debug_frame
  17              		.section	.text.writeShiftRegisters,"ax",%progbits
  18              		.align	2
  19              		.global	writeShiftRegisters
  20              		.code	16
  21              		.thumb_func
  22              		.type	writeShiftRegisters, %function
  23              	writeShiftRegisters:
  24              	.LFB35:
  25              		.file 1 "dc_motor_library.c"
   1:dc_motor_library.c **** #include <dc_motor_library.h>
   2:dc_motor_library.c **** 
   3:dc_motor_library.c **** //void set_register(int8 *motor_values)
   4:dc_motor_library.c **** //{
   5:dc_motor_library.c **** //    int counter = 7;
   6:dc_motor_library.c **** //     while (counter>=0)
   7:dc_motor_library.c **** //     {
   8:dc_motor_library.c **** //         if (!Clock_Read())
   9:dc_motor_library.c **** //         {
  10:dc_motor_library.c **** //            Data_Write(motor_values[counter]);
  11:dc_motor_library.c **** //            Fix_Write(0);
  12:dc_motor_library.c **** //            Clock_Write(1);
  13:dc_motor_library.c **** //            CyDelay(20);
  14:dc_motor_library.c **** //         }
  15:dc_motor_library.c **** //         else
  16:dc_motor_library.c **** //         {
  17:dc_motor_library.c **** //            Clock_Write(0);
  18:dc_motor_library.c **** //            Fix_Write(1);
  19:dc_motor_library.c **** //            counter--;
  20:dc_motor_library.c **** //         }
  21:dc_motor_library.c **** //    }
  22:dc_motor_library.c **** //}
  23:dc_motor_library.c **** 
  24:dc_motor_library.c **** /**  for case with DC motor defines witch motor will work and also defines direction
  25:dc_motor_library.c ****     Write to serial (looks like SPI) port expender
  26:dc_motor_library.c ****         - 4 bytes does to first motor controller (2 H bridge control) based on L293D
  27:dc_motor_library.c ****         - 4 bytes does to second motor controller (2 H bridge control) based on L293D
  28:dc_motor_library.c ****     all that left is to use PWM for controlling motor enabled signal
  29:dc_motor_library.c ****     */
  30:dc_motor_library.c **** void writeShiftRegisters(uint8_t shift_reg)
  31:dc_motor_library.c **** {
  26              		.loc 1 31 0
ARM GAS  C:\Users\Mykola\AppData\Local\Temp\ccaKuMZ8.s 			page 2


  27              		.cfi_startproc
  28              	.LVL0:
  29 0000 38B5     		push	{r3, r4, r5, lr}
  30              		.cfi_def_cfa_offset 16
  31              		.cfi_offset 3, -16
  32              		.cfi_offset 4, -12
  33              		.cfi_offset 5, -8
  34              		.cfi_offset 14, -4
  35 0002 051C     		mov	r5, r0
  32:dc_motor_library.c ****     uint8_t i;
  33:dc_motor_library.c ****     Pin_OE_Write(0);
  36              		.loc 1 33 0
  37 0004 0020     		mov	r0, #0
  38              	.LVL1:
  39 0006 FFF7FEFF 		bl	Pin_OE_Write
  40              	.LVL2:
  34:dc_motor_library.c ****     Pin_SER_Write(0);
  41              		.loc 1 34 0
  42 000a 0020     		mov	r0, #0
  43 000c FFF7FEFF 		bl	Pin_SER_Write
  44              	.LVL3:
  35:dc_motor_library.c ****     for (i=0; i<8; i++)
  45              		.loc 1 35 0
  46 0010 0024     		mov	r4, #0
  47 0012 18E0     		b	.L2
  48              	.LVL4:
  49              	.L3:
  36:dc_motor_library.c ****     {
  37:dc_motor_library.c ****         Pin_SER_Write(0x01&shift_reg);
  50              		.loc 1 37 0 discriminator 3
  51 0014 0120     		mov	r0, #1
  52 0016 2840     		and	r0, r5
  53 0018 FFF7FEFF 		bl	Pin_SER_Write
  54              	.LVL5:
  38:dc_motor_library.c ****         shift_reg>>=1;
  55              		.loc 1 38 0 discriminator 3
  56 001c 6D08     		lsr	r5, r5, #1
  57              	.LVL6:
  39:dc_motor_library.c ****         Pin_SRCLK_Write(1);
  58              		.loc 1 39 0 discriminator 3
  59 001e 0120     		mov	r0, #1
  60 0020 FFF7FEFF 		bl	Pin_SRCLK_Write
  61              	.LVL7:
  40:dc_motor_library.c ****         Pin_RCLK_Write(0);
  62              		.loc 1 40 0 discriminator 3
  63 0024 0020     		mov	r0, #0
  64 0026 FFF7FEFF 		bl	Pin_RCLK_Write
  65              	.LVL8:
  41:dc_motor_library.c ****         CyDelay(10);
  66              		.loc 1 41 0 discriminator 3
  67 002a 0A20     		mov	r0, #10
  68 002c FFF7FEFF 		bl	CyDelay
  69              	.LVL9:
  42:dc_motor_library.c ****         Pin_SRCLK_Write(0);
  70              		.loc 1 42 0 discriminator 3
  71 0030 0020     		mov	r0, #0
  72 0032 FFF7FEFF 		bl	Pin_SRCLK_Write
ARM GAS  C:\Users\Mykola\AppData\Local\Temp\ccaKuMZ8.s 			page 3


  73              	.LVL10:
  43:dc_motor_library.c ****         Pin_RCLK_Write(1);
  74              		.loc 1 43 0 discriminator 3
  75 0036 0120     		mov	r0, #1
  76 0038 FFF7FEFF 		bl	Pin_RCLK_Write
  77              	.LVL11:
  44:dc_motor_library.c ****         CyDelay(10);
  78              		.loc 1 44 0 discriminator 3
  79 003c 0A20     		mov	r0, #10
  80 003e FFF7FEFF 		bl	CyDelay
  81              	.LVL12:
  35:dc_motor_library.c ****     {
  82              		.loc 1 35 0 discriminator 3
  83 0042 0134     		add	r4, r4, #1
  84              	.LVL13:
  85 0044 E4B2     		uxtb	r4, r4
  86              	.LVL14:
  87              	.L2:
  35:dc_motor_library.c ****     {
  88              		.loc 1 35 0 is_stmt 0 discriminator 1
  89 0046 072C     		cmp	r4, #7
  90 0048 E4D9     		bls	.L3
  45:dc_motor_library.c ****     }
  46:dc_motor_library.c ****     Pin_OE_Write(0);
  91              		.loc 1 46 0 is_stmt 1
  92 004a 0020     		mov	r0, #0
  93 004c FFF7FEFF 		bl	Pin_OE_Write
  94              	.LVL15:
  47:dc_motor_library.c **** }
  95              		.loc 1 47 0
  96              		@ sp needed
  97              	.LVL16:
  98              	.LVL17:
  99 0050 38BD     		pop	{r3, r4, r5, pc}
 100              		.cfi_endproc
 101              	.LFE35:
 102              		.size	writeShiftRegisters, .-writeShiftRegisters
 103 0052 C046     		.text
 104              	.Letext0:
 105              		.file 2 "c:\\program files (x86)\\cypress\\psoc creator\\4.0\\psoc creator\\import\\gnu\\arm\\4.9.
 106              		.file 3 "c:\\program files (x86)\\cypress\\psoc creator\\4.0\\psoc creator\\import\\gnu\\arm\\4.9.
 107              		.file 4 "Generated_Source\\PSoC4/cytypes.h"
 108              		.file 5 "Generated_Source\\PSoC4/Pin_OE.h"
 109              		.file 6 "Generated_Source\\PSoC4/Pin_SER.h"
 110              		.file 7 "Generated_Source\\PSoC4/Pin_SRCLK.h"
 111              		.file 8 "Generated_Source\\PSoC4/Pin_RCLK.h"
 112              		.file 9 "Generated_Source\\PSoC4/CyLib.h"
 113              		.section	.debug_info,"",%progbits
 114              	.Ldebug_info0:
 115 0000 F0010000 		.4byte	0x1f0
 116 0004 0400     		.2byte	0x4
 117 0006 00000000 		.4byte	.Ldebug_abbrev0
 118 000a 04       		.byte	0x4
 119 000b 01       		.uleb128 0x1
 120 000c 45010000 		.4byte	.LASF21
 121 0010 01       		.byte	0x1
 122 0011 2A000000 		.4byte	.LASF22
ARM GAS  C:\Users\Mykola\AppData\Local\Temp\ccaKuMZ8.s 			page 4


 123 0015 AF000000 		.4byte	.LASF23
 124 0019 00000000 		.4byte	.Ldebug_ranges0+0
 125 001d 00000000 		.4byte	0
 126 0021 00000000 		.4byte	.Ldebug_line0
 127 0025 02       		.uleb128 0x2
 128 0026 01       		.byte	0x1
 129 0027 06       		.byte	0x6
 130 0028 2F010000 		.4byte	.LASF0
 131 002c 03       		.uleb128 0x3
 132 002d 7B000000 		.4byte	.LASF9
 133 0031 02       		.byte	0x2
 134 0032 1D       		.byte	0x1d
 135 0033 37000000 		.4byte	0x37
 136 0037 02       		.uleb128 0x2
 137 0038 01       		.byte	0x1
 138 0039 08       		.byte	0x8
 139 003a 93000000 		.4byte	.LASF1
 140 003e 02       		.uleb128 0x2
 141 003f 02       		.byte	0x2
 142 0040 05       		.byte	0x5
 143 0041 E1010000 		.4byte	.LASF2
 144 0045 02       		.uleb128 0x2
 145 0046 02       		.byte	0x2
 146 0047 07       		.byte	0x7
 147 0048 1C010000 		.4byte	.LASF3
 148 004c 02       		.uleb128 0x2
 149 004d 04       		.byte	0x4
 150 004e 05       		.byte	0x5
 151 004f A6000000 		.4byte	.LASF4
 152 0053 02       		.uleb128 0x2
 153 0054 04       		.byte	0x4
 154 0055 07       		.byte	0x7
 155 0056 52000000 		.4byte	.LASF5
 156 005a 02       		.uleb128 0x2
 157 005b 08       		.byte	0x8
 158 005c 05       		.byte	0x5
 159 005d 00000000 		.4byte	.LASF6
 160 0061 02       		.uleb128 0x2
 161 0062 08       		.byte	0x8
 162 0063 07       		.byte	0x7
 163 0064 64000000 		.4byte	.LASF7
 164 0068 04       		.uleb128 0x4
 165 0069 04       		.byte	0x4
 166 006a 05       		.byte	0x5
 167 006b 696E7400 		.ascii	"int\000"
 168 006f 02       		.uleb128 0x2
 169 0070 04       		.byte	0x4
 170 0071 07       		.byte	0x7
 171 0072 15000000 		.4byte	.LASF8
 172 0076 03       		.uleb128 0x3
 173 0077 8B000000 		.4byte	.LASF10
 174 007b 03       		.byte	0x3
 175 007c 15       		.byte	0x15
 176 007d 2C000000 		.4byte	0x2c
 177 0081 03       		.uleb128 0x3
 178 0082 4C000000 		.4byte	.LASF11
 179 0086 04       		.byte	0x4
ARM GAS  C:\Users\Mykola\AppData\Local\Temp\ccaKuMZ8.s 			page 5


 180 0087 C2       		.byte	0xc2
 181 0088 37000000 		.4byte	0x37
 182 008c 03       		.uleb128 0x3
 183 008d 0E000000 		.4byte	.LASF12
 184 0091 04       		.byte	0x4
 185 0092 C4       		.byte	0xc4
 186 0093 53000000 		.4byte	0x53
 187 0097 02       		.uleb128 0x2
 188 0098 04       		.byte	0x4
 189 0099 04       		.byte	0x4
 190 009a 85000000 		.4byte	.LASF13
 191 009e 02       		.uleb128 0x2
 192 009f 08       		.byte	0x8
 193 00a0 04       		.byte	0x4
 194 00a1 F8000000 		.4byte	.LASF14
 195 00a5 02       		.uleb128 0x2
 196 00a6 01       		.byte	0x1
 197 00a7 08       		.byte	0x8
 198 00a8 A1000000 		.4byte	.LASF15
 199 00ac 02       		.uleb128 0x2
 200 00ad 04       		.byte	0x4
 201 00ae 07       		.byte	0x7
 202 00af EB010000 		.4byte	.LASF16
 203 00b3 05       		.uleb128 0x5
 204 00b4 E4000000 		.4byte	.LASF24
 205 00b8 01       		.byte	0x1
 206 00b9 1E       		.byte	0x1e
 207 00ba 00000000 		.4byte	.LFB35
 208 00be 52000000 		.4byte	.LFE35-.LFB35
 209 00c2 01       		.uleb128 0x1
 210 00c3 9C       		.byte	0x9c
 211 00c4 A2010000 		.4byte	0x1a2
 212 00c8 06       		.uleb128 0x6
 213 00c9 3B010000 		.4byte	.LASF25
 214 00cd 01       		.byte	0x1
 215 00ce 1E       		.byte	0x1e
 216 00cf 76000000 		.4byte	0x76
 217 00d3 00000000 		.4byte	.LLST0
 218 00d7 07       		.uleb128 0x7
 219 00d8 6900     		.ascii	"i\000"
 220 00da 01       		.byte	0x1
 221 00db 20       		.byte	0x20
 222 00dc 76000000 		.4byte	0x76
 223 00e0 2C000000 		.4byte	.LLST1
 224 00e4 08       		.uleb128 0x8
 225 00e5 0A000000 		.4byte	.LVL2
 226 00e9 A2010000 		.4byte	0x1a2
 227 00ed F7000000 		.4byte	0xf7
 228 00f1 09       		.uleb128 0x9
 229 00f2 01       		.uleb128 0x1
 230 00f3 50       		.byte	0x50
 231 00f4 01       		.uleb128 0x1
 232 00f5 30       		.byte	0x30
 233 00f6 00       		.byte	0
 234 00f7 08       		.uleb128 0x8
 235 00f8 10000000 		.4byte	.LVL3
 236 00fc B3010000 		.4byte	0x1b3
ARM GAS  C:\Users\Mykola\AppData\Local\Temp\ccaKuMZ8.s 			page 6


 237 0100 0A010000 		.4byte	0x10a
 238 0104 09       		.uleb128 0x9
 239 0105 01       		.uleb128 0x1
 240 0106 50       		.byte	0x50
 241 0107 01       		.uleb128 0x1
 242 0108 30       		.byte	0x30
 243 0109 00       		.byte	0
 244 010a 08       		.uleb128 0x8
 245 010b 1C000000 		.4byte	.LVL5
 246 010f B3010000 		.4byte	0x1b3
 247 0113 20010000 		.4byte	0x120
 248 0117 09       		.uleb128 0x9
 249 0118 01       		.uleb128 0x1
 250 0119 50       		.byte	0x50
 251 011a 04       		.uleb128 0x4
 252 011b 75       		.byte	0x75
 253 011c 00       		.sleb128 0
 254 011d 31       		.byte	0x31
 255 011e 1A       		.byte	0x1a
 256 011f 00       		.byte	0
 257 0120 08       		.uleb128 0x8
 258 0121 24000000 		.4byte	.LVL7
 259 0125 C4010000 		.4byte	0x1c4
 260 0129 33010000 		.4byte	0x133
 261 012d 09       		.uleb128 0x9
 262 012e 01       		.uleb128 0x1
 263 012f 50       		.byte	0x50
 264 0130 01       		.uleb128 0x1
 265 0131 31       		.byte	0x31
 266 0132 00       		.byte	0
 267 0133 08       		.uleb128 0x8
 268 0134 2A000000 		.4byte	.LVL8
 269 0138 D5010000 		.4byte	0x1d5
 270 013c 46010000 		.4byte	0x146
 271 0140 09       		.uleb128 0x9
 272 0141 01       		.uleb128 0x1
 273 0142 50       		.byte	0x50
 274 0143 01       		.uleb128 0x1
 275 0144 30       		.byte	0x30
 276 0145 00       		.byte	0
 277 0146 08       		.uleb128 0x8
 278 0147 30000000 		.4byte	.LVL9
 279 014b E6010000 		.4byte	0x1e6
 280 014f 59010000 		.4byte	0x159
 281 0153 09       		.uleb128 0x9
 282 0154 01       		.uleb128 0x1
 283 0155 50       		.byte	0x50
 284 0156 01       		.uleb128 0x1
 285 0157 3A       		.byte	0x3a
 286 0158 00       		.byte	0
 287 0159 08       		.uleb128 0x8
 288 015a 36000000 		.4byte	.LVL10
 289 015e C4010000 		.4byte	0x1c4
 290 0162 6C010000 		.4byte	0x16c
 291 0166 09       		.uleb128 0x9
 292 0167 01       		.uleb128 0x1
 293 0168 50       		.byte	0x50
ARM GAS  C:\Users\Mykola\AppData\Local\Temp\ccaKuMZ8.s 			page 7


 294 0169 01       		.uleb128 0x1
 295 016a 30       		.byte	0x30
 296 016b 00       		.byte	0
 297 016c 08       		.uleb128 0x8
 298 016d 3C000000 		.4byte	.LVL11
 299 0171 D5010000 		.4byte	0x1d5
 300 0175 7F010000 		.4byte	0x17f
 301 0179 09       		.uleb128 0x9
 302 017a 01       		.uleb128 0x1
 303 017b 50       		.byte	0x50
 304 017c 01       		.uleb128 0x1
 305 017d 31       		.byte	0x31
 306 017e 00       		.byte	0
 307 017f 08       		.uleb128 0x8
 308 0180 42000000 		.4byte	.LVL12
 309 0184 E6010000 		.4byte	0x1e6
 310 0188 92010000 		.4byte	0x192
 311 018c 09       		.uleb128 0x9
 312 018d 01       		.uleb128 0x1
 313 018e 50       		.byte	0x50
 314 018f 01       		.uleb128 0x1
 315 0190 3A       		.byte	0x3a
 316 0191 00       		.byte	0
 317 0192 0A       		.uleb128 0xa
 318 0193 50000000 		.4byte	.LVL15
 319 0197 A2010000 		.4byte	0x1a2
 320 019b 09       		.uleb128 0x9
 321 019c 01       		.uleb128 0x1
 322 019d 50       		.byte	0x50
 323 019e 01       		.uleb128 0x1
 324 019f 30       		.byte	0x30
 325 01a0 00       		.byte	0
 326 01a1 00       		.byte	0
 327 01a2 0B       		.uleb128 0xb
 328 01a3 FF000000 		.4byte	.LASF17
 329 01a7 05       		.byte	0x5
 330 01a8 33       		.byte	0x33
 331 01a9 B3010000 		.4byte	0x1b3
 332 01ad 0C       		.uleb128 0xc
 333 01ae 81000000 		.4byte	0x81
 334 01b2 00       		.byte	0
 335 01b3 0B       		.uleb128 0xb
 336 01b4 D3010000 		.4byte	.LASF18
 337 01b8 06       		.byte	0x6
 338 01b9 33       		.byte	0x33
 339 01ba C4010000 		.4byte	0x1c4
 340 01be 0C       		.uleb128 0xc
 341 01bf 81000000 		.4byte	0x81
 342 01c3 00       		.byte	0
 343 01c4 0B       		.uleb128 0xb
 344 01c5 0C010000 		.4byte	.LASF19
 345 01c9 07       		.byte	0x7
 346 01ca 33       		.byte	0x33
 347 01cb D5010000 		.4byte	0x1d5
 348 01cf 0C       		.uleb128 0xc
 349 01d0 81000000 		.4byte	0x81
 350 01d4 00       		.byte	0
ARM GAS  C:\Users\Mykola\AppData\Local\Temp\ccaKuMZ8.s 			page 8


 351 01d5 0B       		.uleb128 0xb
 352 01d6 3D000000 		.4byte	.LASF20
 353 01da 08       		.byte	0x8
 354 01db 33       		.byte	0x33
 355 01dc E6010000 		.4byte	0x1e6
 356 01e0 0C       		.uleb128 0xc
 357 01e1 81000000 		.4byte	0x81
 358 01e5 00       		.byte	0
 359 01e6 0D       		.uleb128 0xd
 360 01e7 22000000 		.4byte	.LASF26
 361 01eb 09       		.byte	0x9
 362 01ec 57       		.byte	0x57
 363 01ed 0C       		.uleb128 0xc
 364 01ee 8C000000 		.4byte	0x8c
 365 01f2 00       		.byte	0
 366 01f3 00       		.byte	0
 367              		.section	.debug_abbrev,"",%progbits
 368              	.Ldebug_abbrev0:
 369 0000 01       		.uleb128 0x1
 370 0001 11       		.uleb128 0x11
 371 0002 01       		.byte	0x1
 372 0003 25       		.uleb128 0x25
 373 0004 0E       		.uleb128 0xe
 374 0005 13       		.uleb128 0x13
 375 0006 0B       		.uleb128 0xb
 376 0007 03       		.uleb128 0x3
 377 0008 0E       		.uleb128 0xe
 378 0009 1B       		.uleb128 0x1b
 379 000a 0E       		.uleb128 0xe
 380 000b 55       		.uleb128 0x55
 381 000c 17       		.uleb128 0x17
 382 000d 11       		.uleb128 0x11
 383 000e 01       		.uleb128 0x1
 384 000f 10       		.uleb128 0x10
 385 0010 17       		.uleb128 0x17
 386 0011 00       		.byte	0
 387 0012 00       		.byte	0
 388 0013 02       		.uleb128 0x2
 389 0014 24       		.uleb128 0x24
 390 0015 00       		.byte	0
 391 0016 0B       		.uleb128 0xb
 392 0017 0B       		.uleb128 0xb
 393 0018 3E       		.uleb128 0x3e
 394 0019 0B       		.uleb128 0xb
 395 001a 03       		.uleb128 0x3
 396 001b 0E       		.uleb128 0xe
 397 001c 00       		.byte	0
 398 001d 00       		.byte	0
 399 001e 03       		.uleb128 0x3
 400 001f 16       		.uleb128 0x16
 401 0020 00       		.byte	0
 402 0021 03       		.uleb128 0x3
 403 0022 0E       		.uleb128 0xe
 404 0023 3A       		.uleb128 0x3a
 405 0024 0B       		.uleb128 0xb
 406 0025 3B       		.uleb128 0x3b
 407 0026 0B       		.uleb128 0xb
ARM GAS  C:\Users\Mykola\AppData\Local\Temp\ccaKuMZ8.s 			page 9


 408 0027 49       		.uleb128 0x49
 409 0028 13       		.uleb128 0x13
 410 0029 00       		.byte	0
 411 002a 00       		.byte	0
 412 002b 04       		.uleb128 0x4
 413 002c 24       		.uleb128 0x24
 414 002d 00       		.byte	0
 415 002e 0B       		.uleb128 0xb
 416 002f 0B       		.uleb128 0xb
 417 0030 3E       		.uleb128 0x3e
 418 0031 0B       		.uleb128 0xb
 419 0032 03       		.uleb128 0x3
 420 0033 08       		.uleb128 0x8
 421 0034 00       		.byte	0
 422 0035 00       		.byte	0
 423 0036 05       		.uleb128 0x5
 424 0037 2E       		.uleb128 0x2e
 425 0038 01       		.byte	0x1
 426 0039 3F       		.uleb128 0x3f
 427 003a 19       		.uleb128 0x19
 428 003b 03       		.uleb128 0x3
 429 003c 0E       		.uleb128 0xe
 430 003d 3A       		.uleb128 0x3a
 431 003e 0B       		.uleb128 0xb
 432 003f 3B       		.uleb128 0x3b
 433 0040 0B       		.uleb128 0xb
 434 0041 27       		.uleb128 0x27
 435 0042 19       		.uleb128 0x19
 436 0043 11       		.uleb128 0x11
 437 0044 01       		.uleb128 0x1
 438 0045 12       		.uleb128 0x12
 439 0046 06       		.uleb128 0x6
 440 0047 40       		.uleb128 0x40
 441 0048 18       		.uleb128 0x18
 442 0049 9742     		.uleb128 0x2117
 443 004b 19       		.uleb128 0x19
 444 004c 01       		.uleb128 0x1
 445 004d 13       		.uleb128 0x13
 446 004e 00       		.byte	0
 447 004f 00       		.byte	0
 448 0050 06       		.uleb128 0x6
 449 0051 05       		.uleb128 0x5
 450 0052 00       		.byte	0
 451 0053 03       		.uleb128 0x3
 452 0054 0E       		.uleb128 0xe
 453 0055 3A       		.uleb128 0x3a
 454 0056 0B       		.uleb128 0xb
 455 0057 3B       		.uleb128 0x3b
 456 0058 0B       		.uleb128 0xb
 457 0059 49       		.uleb128 0x49
 458 005a 13       		.uleb128 0x13
 459 005b 02       		.uleb128 0x2
 460 005c 17       		.uleb128 0x17
 461 005d 00       		.byte	0
 462 005e 00       		.byte	0
 463 005f 07       		.uleb128 0x7
 464 0060 34       		.uleb128 0x34
ARM GAS  C:\Users\Mykola\AppData\Local\Temp\ccaKuMZ8.s 			page 10


 465 0061 00       		.byte	0
 466 0062 03       		.uleb128 0x3
 467 0063 08       		.uleb128 0x8
 468 0064 3A       		.uleb128 0x3a
 469 0065 0B       		.uleb128 0xb
 470 0066 3B       		.uleb128 0x3b
 471 0067 0B       		.uleb128 0xb
 472 0068 49       		.uleb128 0x49
 473 0069 13       		.uleb128 0x13
 474 006a 02       		.uleb128 0x2
 475 006b 17       		.uleb128 0x17
 476 006c 00       		.byte	0
 477 006d 00       		.byte	0
 478 006e 08       		.uleb128 0x8
 479 006f 898201   		.uleb128 0x4109
 480 0072 01       		.byte	0x1
 481 0073 11       		.uleb128 0x11
 482 0074 01       		.uleb128 0x1
 483 0075 31       		.uleb128 0x31
 484 0076 13       		.uleb128 0x13
 485 0077 01       		.uleb128 0x1
 486 0078 13       		.uleb128 0x13
 487 0079 00       		.byte	0
 488 007a 00       		.byte	0
 489 007b 09       		.uleb128 0x9
 490 007c 8A8201   		.uleb128 0x410a
 491 007f 00       		.byte	0
 492 0080 02       		.uleb128 0x2
 493 0081 18       		.uleb128 0x18
 494 0082 9142     		.uleb128 0x2111
 495 0084 18       		.uleb128 0x18
 496 0085 00       		.byte	0
 497 0086 00       		.byte	0
 498 0087 0A       		.uleb128 0xa
 499 0088 898201   		.uleb128 0x4109
 500 008b 01       		.byte	0x1
 501 008c 11       		.uleb128 0x11
 502 008d 01       		.uleb128 0x1
 503 008e 31       		.uleb128 0x31
 504 008f 13       		.uleb128 0x13
 505 0090 00       		.byte	0
 506 0091 00       		.byte	0
 507 0092 0B       		.uleb128 0xb
 508 0093 2E       		.uleb128 0x2e
 509 0094 01       		.byte	0x1
 510 0095 3F       		.uleb128 0x3f
 511 0096 19       		.uleb128 0x19
 512 0097 03       		.uleb128 0x3
 513 0098 0E       		.uleb128 0xe
 514 0099 3A       		.uleb128 0x3a
 515 009a 0B       		.uleb128 0xb
 516 009b 3B       		.uleb128 0x3b
 517 009c 0B       		.uleb128 0xb
 518 009d 27       		.uleb128 0x27
 519 009e 19       		.uleb128 0x19
 520 009f 3C       		.uleb128 0x3c
 521 00a0 19       		.uleb128 0x19
ARM GAS  C:\Users\Mykola\AppData\Local\Temp\ccaKuMZ8.s 			page 11


 522 00a1 01       		.uleb128 0x1
 523 00a2 13       		.uleb128 0x13
 524 00a3 00       		.byte	0
 525 00a4 00       		.byte	0
 526 00a5 0C       		.uleb128 0xc
 527 00a6 05       		.uleb128 0x5
 528 00a7 00       		.byte	0
 529 00a8 49       		.uleb128 0x49
 530 00a9 13       		.uleb128 0x13
 531 00aa 00       		.byte	0
 532 00ab 00       		.byte	0
 533 00ac 0D       		.uleb128 0xd
 534 00ad 2E       		.uleb128 0x2e
 535 00ae 01       		.byte	0x1
 536 00af 3F       		.uleb128 0x3f
 537 00b0 19       		.uleb128 0x19
 538 00b1 03       		.uleb128 0x3
 539 00b2 0E       		.uleb128 0xe
 540 00b3 3A       		.uleb128 0x3a
 541 00b4 0B       		.uleb128 0xb
 542 00b5 3B       		.uleb128 0x3b
 543 00b6 0B       		.uleb128 0xb
 544 00b7 27       		.uleb128 0x27
 545 00b8 19       		.uleb128 0x19
 546 00b9 3C       		.uleb128 0x3c
 547 00ba 19       		.uleb128 0x19
 548 00bb 00       		.byte	0
 549 00bc 00       		.byte	0
 550 00bd 00       		.byte	0
 551              		.section	.debug_loc,"",%progbits
 552              	.Ldebug_loc0:
 553              	.LLST0:
 554 0000 00000000 		.4byte	.LVL0
 555 0004 06000000 		.4byte	.LVL1
 556 0008 0100     		.2byte	0x1
 557 000a 50       		.byte	0x50
 558 000b 06000000 		.4byte	.LVL1
 559 000f 14000000 		.4byte	.LVL4
 560 0013 0400     		.2byte	0x4
 561 0015 F3       		.byte	0xf3
 562 0016 01       		.uleb128 0x1
 563 0017 50       		.byte	0x50
 564 0018 9F       		.byte	0x9f
 565 0019 14000000 		.4byte	.LVL4
 566 001d 50000000 		.4byte	.LVL17
 567 0021 0100     		.2byte	0x1
 568 0023 55       		.byte	0x55
 569 0024 00000000 		.4byte	0
 570 0028 00000000 		.4byte	0
 571              	.LLST1:
 572 002c 10000000 		.4byte	.LVL3
 573 0030 14000000 		.4byte	.LVL4
 574 0034 0200     		.2byte	0x2
 575 0036 30       		.byte	0x30
 576 0037 9F       		.byte	0x9f
 577 0038 14000000 		.4byte	.LVL4
 578 003c 44000000 		.4byte	.LVL13
ARM GAS  C:\Users\Mykola\AppData\Local\Temp\ccaKuMZ8.s 			page 12


 579 0040 0100     		.2byte	0x1
 580 0042 54       		.byte	0x54
 581 0043 46000000 		.4byte	.LVL14
 582 0047 50000000 		.4byte	.LVL16
 583 004b 0100     		.2byte	0x1
 584 004d 54       		.byte	0x54
 585 004e 00000000 		.4byte	0
 586 0052 00000000 		.4byte	0
 587              		.section	.debug_aranges,"",%progbits
 588 0000 1C000000 		.4byte	0x1c
 589 0004 0200     		.2byte	0x2
 590 0006 00000000 		.4byte	.Ldebug_info0
 591 000a 04       		.byte	0x4
 592 000b 00       		.byte	0
 593 000c 0000     		.2byte	0
 594 000e 0000     		.2byte	0
 595 0010 00000000 		.4byte	.LFB35
 596 0014 52000000 		.4byte	.LFE35-.LFB35
 597 0018 00000000 		.4byte	0
 598 001c 00000000 		.4byte	0
 599              		.section	.debug_ranges,"",%progbits
 600              	.Ldebug_ranges0:
 601 0000 00000000 		.4byte	.LFB35
 602 0004 52000000 		.4byte	.LFE35
 603 0008 00000000 		.4byte	0
 604 000c 00000000 		.4byte	0
 605              		.section	.debug_line,"",%progbits
 606              	.Ldebug_line0:
 607 0000 D8010000 		.section	.debug_str,"MS",%progbits,1
 607      02008601 
 607      00000201 
 607      FB0E0D00 
 607      01010101 
 608              	.LASF6:
 609 0000 6C6F6E67 		.ascii	"long long int\000"
 609      206C6F6E 
 609      6720696E 
 609      7400
 610              	.LASF12:
 611 000e 75696E74 		.ascii	"uint32\000"
 611      333200
 612              	.LASF8:
 613 0015 756E7369 		.ascii	"unsigned int\000"
 613      676E6564 
 613      20696E74 
 613      00
 614              	.LASF26:
 615 0022 43794465 		.ascii	"CyDelay\000"
 615      6C617900 
 616              	.LASF22:
 617 002a 64635F6D 		.ascii	"dc_motor_library.c\000"
 617      6F746F72 
 617      5F6C6962 
 617      72617279 
 617      2E6300
 618              	.LASF20:
 619 003d 50696E5F 		.ascii	"Pin_RCLK_Write\000"
ARM GAS  C:\Users\Mykola\AppData\Local\Temp\ccaKuMZ8.s 			page 13


 619      52434C4B 
 619      5F577269 
 619      746500
 620              	.LASF11:
 621 004c 75696E74 		.ascii	"uint8\000"
 621      3800
 622              	.LASF5:
 623 0052 6C6F6E67 		.ascii	"long unsigned int\000"
 623      20756E73 
 623      69676E65 
 623      6420696E 
 623      7400
 624              	.LASF7:
 625 0064 6C6F6E67 		.ascii	"long long unsigned int\000"
 625      206C6F6E 
 625      6720756E 
 625      7369676E 
 625      65642069 
 626              	.LASF9:
 627 007b 5F5F7569 		.ascii	"__uint8_t\000"
 627      6E74385F 
 627      7400
 628              	.LASF13:
 629 0085 666C6F61 		.ascii	"float\000"
 629      7400
 630              	.LASF10:
 631 008b 75696E74 		.ascii	"uint8_t\000"
 631      385F7400 
 632              	.LASF1:
 633 0093 756E7369 		.ascii	"unsigned char\000"
 633      676E6564 
 633      20636861 
 633      7200
 634              	.LASF15:
 635 00a1 63686172 		.ascii	"char\000"
 635      00
 636              	.LASF4:
 637 00a6 6C6F6E67 		.ascii	"long int\000"
 637      20696E74 
 637      00
 638              	.LASF23:
 639 00af 463A5C55 		.ascii	"F:\\Univer\\Dyplom\\BLEDyplomPSoCProg\\capsenseled."
 639      6E697665 
 639      725C4479 
 639      706C6F6D 
 639      5C424C45 
 640 00de 63796473 		.ascii	"cydsn\000"
 640      6E00
 641              	.LASF24:
 642 00e4 77726974 		.ascii	"writeShiftRegisters\000"
 642      65536869 
 642      66745265 
 642      67697374 
 642      65727300 
 643              	.LASF14:
 644 00f8 646F7562 		.ascii	"double\000"
 644      6C6500
ARM GAS  C:\Users\Mykola\AppData\Local\Temp\ccaKuMZ8.s 			page 14


 645              	.LASF17:
 646 00ff 50696E5F 		.ascii	"Pin_OE_Write\000"
 646      4F455F57 
 646      72697465 
 646      00
 647              	.LASF19:
 648 010c 50696E5F 		.ascii	"Pin_SRCLK_Write\000"
 648      5352434C 
 648      4B5F5772 
 648      69746500 
 649              	.LASF3:
 650 011c 73686F72 		.ascii	"short unsigned int\000"
 650      7420756E 
 650      7369676E 
 650      65642069 
 650      6E7400
 651              	.LASF0:
 652 012f 7369676E 		.ascii	"signed char\000"
 652      65642063 
 652      68617200 
 653              	.LASF25:
 654 013b 73686966 		.ascii	"shift_reg\000"
 654      745F7265 
 654      6700
 655              	.LASF21:
 656 0145 474E5520 		.ascii	"GNU C 4.9.3 20150303 (release) [ARM/embedded-4_9-br"
 656      4320342E 
 656      392E3320 
 656      32303135 
 656      30333033 
 657 0178 616E6368 		.ascii	"anch revision 221220] -mcpu=cortex-m0 -mthumb -g -O"
 657      20726576 
 657      6973696F 
 657      6E203232 
 657      31323230 
 658 01ab 67202D66 		.ascii	"g -ffunction-sections -ffat-lto-objects\000"
 658      66756E63 
 658      74696F6E 
 658      2D736563 
 658      74696F6E 
 659              	.LASF18:
 660 01d3 50696E5F 		.ascii	"Pin_SER_Write\000"
 660      5345525F 
 660      57726974 
 660      6500
 661              	.LASF2:
 662 01e1 73686F72 		.ascii	"short int\000"
 662      7420696E 
 662      7400
 663              	.LASF16:
 664 01eb 73697A65 		.ascii	"sizetype\000"
 664      74797065 
 664      00
 665              		.ident	"GCC: (GNU Tools for ARM Embedded Processors) 4.9.3 20150303 (release) [ARM/embedded-4_9-br
